#
# A fatal error has been detected by the Java Runtime Environment:
#
#  EXCEPTION_ACCESS_VIOLATION (0xc0000005) at pc=0x000000005402ede1, pid=4184, tid=0x00000000000005a0
#
# JRE version: OpenJDK Runtime Environment (8.0_212-b04) (build 1.8.0_212-release-1586-b04)
# Java VM: OpenJDK 64-Bit Server VM (25.212-b04 mixed mode windows-amd64 compressed oops)
# Problematic frame:
# V  [jvm.dll+0x3cede1]
#
# Failed to write core dump. Minidumps are not enabled by default on client versions of Windows
#
# If you would like to submit a bug report, please visit:
#   
#

---------------  T H R E A D  ---------------

Current thread (0x0000000002d1a000):  GCTaskThread [stack: 0x00000000128d0000,0x00000000129d0000] [id=1440]

siginfo: ExceptionCode=0xc0000005, reading address 0x0000000000000008

Registers:
RAX=0x000000000000004b, RBX=0x00000000e9e21ef0, RCX=0x0000000000000003, RDX=0x0000000000000001
RSP=0x00000000129cf970, RBP=0x0000000000000001, RSI=0x0000000002deb500, RDI=0x00000000ec0204e0
R8 =0x0000000000000000, R9 =0x0000000000000000, R10=0x0000000000000008, R11=0x00000000ec024000
R12=0x00000000121c154c, R13=0x0000000000000005, R14=0x0000000000000000, R15=0x0000000002d12530
RIP=0x000000005402ede1, EFLAGS=0x0000000000010246

Top of Stack: (sp=0x00000000129cf970)
0x00000000129cf970:   000000000000000d 0000000000000002
0x00000000129cf980:   0000000002deb500 0000000054429f30
0x00000000129cf990:   00000000ec01c010 0000000000001000
0x00000000129cf9a0:   00000000129cfa48 00000000004aff4f
0x00000000129cf9b0:   0000000000000000 0000000002deb500
0x00000000129cf9c0:   00000000121c154c 000000005402eef0
0x00000000129cf9d0:   00000000ec0204dc 00000000121c1581
0x00000000129cf9e0:   0000000002deb500 00000000a02ab200
0x00000000129cf9f0:   00000000ec0204dc 000000005402fa95
0x00000000129cfa00:   00000000e986bd88 00000000121c1581
0x00000000129cfa10:   0000000002deb500 000000005402e33b
0x00000000129cfa20:   0000000000000109 0000000001270000
0x00000000129cfa30:   0000000000000000 0000000053d4f8a7
0x00000000129cfa40:   0000000002deb500 0000000053d4df83
0x00000000129cfa50:   00000000a02a9fd5 00000000a02a9fd5
0x00000000129cfa60:   00000000a02ab094 0000000053d4f8a7 

Instructions: (pc=0x000000005402ede1)
0x000000005402edc1:   8b d3 e8 78 cd d1 ff e9 af 00 00 00 84 d2 74 0c
0x000000005402edd1:   44 8b 4f 08 49 d3 e1 4d 03 c8 eb 04 4c 8b 4f 08
0x000000005402ede1:   41 81 79 08 00 00 00 c0 0f 83 8d 00 00 00 49 8b
0x000000005402edf1:   01 4c 8b c7 48 8b d6 49 8b c9 ff 90 20 01 00 00 


Register to memory mapping:

RAX=0x000000000000004b is an unknown value
RBX=0x00000000e9e21ef0 is an oop

[error occurred during error reporting (printing register info), id 0xc0000005]

Stack: [0x00000000128d0000,0x00000000129d0000],  sp=0x00000000129cf970,  free space=1022k
Native frames: (J=compiled Java code, j=interpreted, Vv=VM code, C=native code)
V  [jvm.dll+0x3cede1]
V  [jvm.dll+0x3ceef0]
V  [jvm.dll+0x3cfa95]
V  [jvm.dll+0x3bf23f]
V  [jvm.dll+0x3d1a42]
V  [jvm.dll+0x3c0a0e]
V  [jvm.dll+0x26f53a]
C  [msvcr100.dll+0x21d9f]
C  [msvcr100.dll+0x21e3b]
C  [KERNEL32.DLL+0x14034]
C  [ntdll.dll+0x73691]


---------------  P R O C E S S  ---------------

Java Threads: ( => current thread )
  0x0000000018995000 JavaThread "Cache worker for execution history cache (C:\Users\Tahir\AndroidStudioProjects\eCommerce\.gradle\5.6.4\executionHistory)" [_thread_blocked, id=8596, stack(0x00000000243b0000,0x00000000244b0000)]
  0x0000000018998000 JavaThread "Execution worker for ':' Thread 3" [_thread_blocked, id=2468, stack(0x00000000240b0000,0x00000000241b0000)]
  0x0000000018997000 JavaThread "Execution worker for ':' Thread 2" [_thread_blocked, id=2324, stack(0x0000000023fb0000,0x00000000240b0000)]
  0x0000000018996800 JavaThread "Execution worker for ':'" [_thread_blocked, id=9100, stack(0x0000000023eb0000,0x0000000023fb0000)]
  0x0000000018995800 JavaThread "Cache worker for file content cache (C:\Users\Tahir\AndroidStudioProjects\eCommerce\.gradle\5.6.4\fileContent)" [_thread_blocked, id=8968, stack(0x00000000239b0000,0x0000000023ab0000)]
  0x000000001898d800 JavaThread "Cache worker for file content cache (C:\Users\Tahir\.gradle\caches\5.6.4\fileContent)" [_thread_blocked, id=724, stack(0x00000000238b0000,0x00000000239b0000)]
  0x0000000018994000 JavaThread "Memory manager" [_thread_blocked, id=4016, stack(0x00000000237b0000,0x00000000238b0000)]
  0x0000000018993800 JavaThread "Cache worker for Build Output Cleanup Cache (C:\Users\Tahir\AndroidStudioProjects\eCommerce\.gradle\buildOutputCleanup)" [_thread_blocked, id=4208, stack(0x0000000022cb0000,0x0000000022db0000)]
  0x0000000018992800 JavaThread "Build operations Thread 4" [_thread_blocked, id=2164, stack(0x00000000225b0000,0x00000000226b0000)]
  0x0000000018992000 JavaThread "Build operations Thread 3" [_thread_blocked, id=5136, stack(0x00000000224b0000,0x00000000225b0000)]
  0x0000000018991000 JavaThread "Build operations Thread 2" [_thread_blocked, id=5260, stack(0x00000000223b0000,0x00000000224b0000)]
  0x0000000018989800 JavaThread "Build operations" [_thread_blocked, id=8556, stack(0x00000000222b0000,0x00000000223b0000)]
  0x0000000018990800 JavaThread "Cache worker for execution history cache (C:\Users\Tahir\.gradle\caches\5.6.4\executionHistory)" [_thread_blocked, id=2800, stack(0x0000000021e90000,0x0000000021f90000)]
  0x000000001898f800 JavaThread "Cache worker for cache directory md-rule (C:\Users\Tahir\.gradle\caches\5.6.4\md-rule)" [_thread_blocked, id=11904, stack(0x0000000021d90000,0x0000000021e90000)]
  0x000000001898b000 JavaThread "Cache worker for cache directory md-supplier (C:\Users\Tahir\.gradle\caches\5.6.4\md-supplier)" [_thread_blocked, id=2368, stack(0x0000000021c90000,0x0000000021d90000)]
  0x000000001898a000 JavaThread "Cache worker for file hash cache (C:\Users\Tahir\AndroidStudioProjects\eCommerce\.gradle\5.6.4\fileHashes)" [_thread_blocked, id=1096, stack(0x0000000021990000,0x0000000021a90000)]
  0x000000001898f000 JavaThread "Thread-17" [_thread_blocked, id=10720, stack(0x0000000021890000,0x0000000021990000)]
  0x000000001898e000 JavaThread "Stdin handler" [_thread_blocked, id=8820, stack(0x0000000021790000,0x0000000021890000)]
  0x000000001841d000 JavaThread "Asynchronous log dispatcher for DefaultDaemonConnection: socket connection from /127.0.0.1:53613 to /127.0.0.1:53624" [_thread_blocked, id=10044, stack(0x0000000021690000,0x0000000021790000)]
  0x000000001841c800 JavaThread "Cancel handler" [_thread_blocked, id=4856, stack(0x0000000020520000,0x0000000020620000)]
  0x000000001841b800 JavaThread "Handler for socket connection from /127.0.0.1:53613 to /127.0.0.1:53624" [_thread_in_native, id=1960, stack(0x000000001f1a0000,0x000000001f2a0000)]
  0x000000001841e800 JavaThread "Cache worker for journal cache (C:\Users\Tahir\.gradle\caches\journal-1)" [_thread_blocked, id=6828, stack(0x000000001c2e0000,0x000000001c3e0000)]
  0x000000001841f800 JavaThread "File lock request listener" [_thread_in_native, id=9476, stack(0x000000001c1e0000,0x000000001c2e0000)]
  0x0000000018420000 JavaThread "Cache worker for file hash cache (C:\Users\Tahir\.gradle\caches\5.6.4\fileHashes)" [_thread_blocked, id=740, stack(0x000000001c0e0000,0x000000001c1e0000)]
  0x000000001a15e800 JavaThread "Daemon worker" [_thread_blocked, id=9280, stack(0x000000001bce0000,0x000000001bde0000)]
  0x000000001a0b7800 JavaThread "Daemon" [_thread_blocked, id=8240, stack(0x000000001b7e0000,0x000000001b8e0000)]
  0x000000001a09c800 JavaThread "Daemon periodic checks" [_thread_blocked, id=11880, stack(0x000000001b6e0000,0x000000001b7e0000)]
  0x000000001a099800 JavaThread "Incoming local TCP Connector on port 53613" [_thread_in_native, id=10824, stack(0x000000001b4a0000,0x000000001b5a0000)]
  0x0000000018301000 JavaThread "Daemon health stats" [_thread_blocked, id=11428, stack(0x000000001ae60000,0x000000001af60000)]
  0x00000000180e8800 JavaThread "Service Thread" daemon [_thread_blocked, id=12196, stack(0x00000000184c0000,0x00000000185c0000)]
  0x0000000016779000 JavaThread "C1 CompilerThread2" daemon [_thread_blocked, id=9984, stack(0x0000000017fc0000,0x00000000180c0000)]
  0x000000001676d000 JavaThread "C2 CompilerThread1" daemon [_thread_in_native, id=11668, stack(0x0000000017ec0000,0x0000000017fc0000)]
  0x0000000016769000 JavaThread "C2 CompilerThread0" daemon [_thread_blocked, id=11120, stack(0x0000000017dc0000,0x0000000017ec0000)]
  0x0000000016776800 JavaThread "Attach Listener" daemon [_thread_blocked, id=9256, stack(0x0000000017cc0000,0x0000000017dc0000)]
  0x0000000016775800 JavaThread "Signal Dispatcher" daemon [_thread_blocked, id=2924, stack(0x0000000017bc0000,0x0000000017cc0000)]
  0x0000000002dfc000 JavaThread "Finalizer" daemon [_thread_blocked, id=10236, stack(0x00000000179d0000,0x0000000017ad0000)]
  0x0000000016759000 JavaThread "Reference Handler" daemon [_thread_blocked, id=10084, stack(0x00000000178d0000,0x00000000179d0000)]
  0x000000000123d800 JavaThread "main" [_thread_blocked, id=10064, stack(0x0000000002b70000,0x0000000002c70000)]

Other Threads:
  0x0000000016736000 VMThread [stack: 0x00000000177d0000,0x00000000178d0000] [id=3060]
  0x00000000167cd000 WatcherThread [stack: 0x00000000185c0000,0x00000000186c0000] [id=4284]

=>0x0000000002d1a000 (exited) GCTaskThread [stack: 0x00000000128d0000,0x00000000129d0000] [id=1440]

VM state:at safepoint (normal execution)

VM Mutex/Monitor currently owned by a thread:  ([mutex/lock_event])
[0x000000000123c5b0] Threads_lock - owner thread: 0x0000000016736000
[0x000000000123ceb0] Heap_lock - owner thread: 0x000000001841e800

heap address: 0x00000000a0000000, size: 1536 MB, Compressed Oops mode: 32-bit
Narrow klass base: 0x0000000000000000, Narrow klass shift: 3
Compressed class space size: 1073741824 Address: 0x0000000100000000

Heap:
 PSYoungGen      total 213504K, used 194560K [0x00000000e0000000, 0x00000000ee400000, 0x0000000100000000)
  eden space 194560K, 100% used [0x00000000e0000000,0x00000000ebe00000,0x00000000ebe00000)
  from space 18944K, 0% used [0x00000000ecf80000,0x00000000ecf80000,0x00000000ee200000)
  to   space 17920K, 77% used [0x00000000ebe00000,0x00000000ecb8c060,0x00000000ecf80000)
 ParOldGen       total 121856K, used 36415K [0x00000000a0000000, 0x00000000a7700000, 0x00000000e0000000)
  object space 121856K, 29% used [0x00000000a0000000,0x00000000a238fd10,0x00000000a7700000)
 Metaspace       used 59595K, capacity 61746K, committed 61952K, reserved 1101824K
  class space    used 8153K, capacity 8623K, committed 8704K, reserved 1048576K

Card table byte_map: [0x00000000121c0000,0x00000000124d0000] byte_map_base: 0x0000000011cc0000

Marking Bits: (ParMarkBitMap*) 0x0000000054429f30
 Begin Bits: [0x0000000012ad0000, 0x00000000142d0000)
 End Bits:   [0x00000000142d0000, 0x0000000015ad0000)

Polling page: 0x0000000001220000

CodeCache: size=245760Kb used=22715Kb max_used=22727Kb free=223044Kb
 bounds [0x0000000002e00000, 0x0000000004450000, 0x0000000011e00000]
 total_blobs=7895 nmethods=7112 adapters=696
 compilation: enabled

Compilation events (10 events):
Event: 62.924 Thread 0x0000000016769000 nmethod 7910 0x0000000004446790 code [0x00000000044469e0, 0x0000000004447a00]
Event: 62.924 Thread 0x0000000016769000 7911       4       org.gradle.internal.time.DefaultCountdownTimer::hasExpired (15 bytes)
Event: 62.926 Thread 0x0000000016769000 nmethod 7911 0x0000000004444c10 code [0x0000000004444d60, 0x0000000004444e58]
Event: 62.926 Thread 0x0000000016769000 7918       4       org.gradle.internal.logging.sink.OutputEventRenderer$LazyListener::onOutput (95 bytes)
Event: 62.929 Thread 0x0000000016779000 7920       1       com.google.common.collect.ImmutableSet::of (4 bytes)
Event: 62.929 Thread 0x0000000016779000 nmethod 7920 0x0000000004444950 code [0x0000000004444aa0, 0x0000000004444b90]
Event: 62.930 Thread 0x0000000016769000 nmethod 7918 0x000000000443c290 code [0x000000000443c440, 0x000000000443c858]
Event: 62.930 Thread 0x0000000016769000 7919       4       org.gradle.internal.logging.sink.LogEventDispatcher::onOutput (60 bytes)
Event: 62.933 Thread 0x0000000016769000 nmethod 7919 0x0000000004444010 code [0x00000000044441a0, 0x0000000004444538]
Event: 62.933 Thread 0x0000000016769000 7912       4       sun.nio.fs.AbstractPath::toFile (12 bytes)

GC Heap History (10 events):
Event: 52.045 GC heap after
Heap after GC invocations=11 (full 2):
 PSYoungGen      total 112128K, used 0K [0x00000000e0000000, 0x00000000e9f80000, 0x0000000100000000)
  eden space 100352K, 0% used [0x00000000e0000000,0x00000000e0000000,0x00000000e6200000)
  from space 11776K, 0% used [0x00000000e6200000,0x00000000e6200000,0x00000000e6d80000)
  to   space 12288K, 0% used [0x00000000e9380000,0x00000000e9380000,0x00000000e9f80000)
 ParOldGen       total 79360K, used 16471K [0x00000000a0000000, 0x00000000a4d80000, 0x00000000e0000000)
  object space 79360K, 20% used [0x00000000a0000000,0x00000000a1015c30,0x00000000a4d80000)
 Metaspace       used 34617K, capacity 35362K, committed 35456K, reserved 1079296K
  class space    used 4736K, capacity 4968K, committed 4992K, reserved 1048576K
}
Event: 55.153 GC heap before
{Heap before GC invocations=12 (full 2):
 PSYoungGen      total 112128K, used 100352K [0x00000000e0000000, 0x00000000e9f80000, 0x0000000100000000)
  eden space 100352K, 100% used [0x00000000e0000000,0x00000000e6200000,0x00000000e6200000)
  from space 11776K, 0% used [0x00000000e6200000,0x00000000e6200000,0x00000000e6d80000)
  to   space 12288K, 0% used [0x00000000e9380000,0x00000000e9380000,0x00000000e9f80000)
 ParOldGen       total 79360K, used 16471K [0x00000000a0000000, 0x00000000a4d80000, 0x00000000e0000000)
  object space 79360K, 20% used [0x00000000a0000000,0x00000000a1015c30,0x00000000a4d80000)
 Metaspace       used 43993K, capacity 45034K, committed 45184K, reserved 1087488K
  class space    used 5920K, capacity 6203K, committed 6272K, reserved 1048576K
Event: 55.168 GC heap after
Heap after GC invocations=12 (full 2):
 PSYoungGen      total 148992K, used 12256K [0x00000000e0000000, 0x00000000ea880000, 0x0000000100000000)
  eden space 136704K, 0% used [0x00000000e0000000,0x00000000e0000000,0x00000000e8580000)
  from space 12288K, 99% used [0x00000000e9380000,0x00000000e9f78268,0x00000000e9f80000)
  to   space 14336K, 0% used [0x00000000e8580000,0x00000000e8580000,0x00000000e9380000)
 ParOldGen       total 79360K, used 17519K [0x00000000a0000000, 0x00000000a4d80000, 0x00000000e0000000)
  object space 79360K, 22% used [0x00000000a0000000,0x00000000a111bd78,0x00000000a4d80000)
 Metaspace       used 43993K, capacity 45034K, committed 45184K, reserved 1087488K
  class space    used 5920K, capacity 6203K, committed 6272K, reserved 1048576K
}
Event: 57.808 GC heap before
{Heap before GC invocations=13 (full 2):
 PSYoungGen      total 148992K, used 148960K [0x00000000e0000000, 0x00000000ea880000, 0x0000000100000000)
  eden space 136704K, 100% used [0x00000000e0000000,0x00000000e8580000,0x00000000e8580000)
  from space 12288K, 99% used [0x00000000e9380000,0x00000000e9f78268,0x00000000e9f80000)
  to   space 14336K, 0% used [0x00000000e8580000,0x00000000e8580000,0x00000000e9380000)
 ParOldGen       total 79360K, used 17519K [0x00000000a0000000, 0x00000000a4d80000, 0x00000000e0000000)
  object space 79360K, 22% used [0x00000000a0000000,0x00000000a111bd78,0x00000000a4d80000)
 Metaspace       used 53363K, capacity 55046K, committed 55168K, reserved 1097728K
  class space    used 7299K, capacity 7715K, committed 7808K, reserved 1048576K
Event: 57.832 GC heap after
Heap after GC invocations=13 (full 2):
 PSYoungGen      total 151040K, used 14316K [0x00000000e0000000, 0x00000000ee200000, 0x0000000100000000)
  eden space 136704K, 0% used [0x00000000e0000000,0x00000000e0000000,0x00000000e8580000)
  from space 14336K, 99% used [0x00000000e8580000,0x00000000e937b330,0x00000000e9380000)
  to   space 18944K, 0% used [0x00000000ecf80000,0x00000000ecf80000,0x00000000ee200000)
 ParOldGen       total 79360K, used 25486K [0x00000000a0000000, 0x00000000a4d80000, 0x00000000e0000000)
  object space 79360K, 32% used [0x00000000a0000000,0x00000000a18e3938,0x00000000a4d80000)
 Metaspace       used 53363K, capacity 55046K, committed 55168K, reserved 1097728K
  class space    used 7299K, capacity 7715K, committed 7808K, reserved 1048576K
}
Event: 59.070 GC heap before
{Heap before GC invocations=14 (full 2):
 PSYoungGen      total 151040K, used 86070K [0x00000000e0000000, 0x00000000ee200000, 0x0000000100000000)
  eden space 136704K, 52% used [0x00000000e0000000,0x00000000e4612638,0x00000000e8580000)
  from space 14336K, 99% used [0x00000000e8580000,0x00000000e937b330,0x00000000e9380000)
  to   space 18944K, 0% used [0x00000000ecf80000,0x00000000ecf80000,0x00000000ee200000)
 ParOldGen       total 79360K, used 25486K [0x00000000a0000000, 0x00000000a4d80000, 0x00000000e0000000)
  object space 79360K, 32% used [0x00000000a0000000,0x00000000a18e3938,0x00000000a4d80000)
 Metaspace       used 57114K, capacity 59076K, committed 59096K, reserved 1099776K
  class space    used 7831K, capacity 8304K, committed 8320K, reserved 1048576K
Event: 59.110 GC heap after
Heap after GC invocations=14 (full 2):
 PSYoungGen      total 213504K, used 7975K [0x00000000e0000000, 0x00000000ee400000, 0x0000000100000000)
  eden space 194560K, 0% used [0x00000000e0000000,0x00000000e0000000,0x00000000ebe00000)
  from space 18944K, 42% used [0x00000000ecf80000,0x00000000ed749f98,0x00000000ee200000)
  to   space 17920K, 0% used [0x00000000ebe00000,0x00000000ebe00000,0x00000000ecf80000)
 ParOldGen       total 79360K, used 39629K [0x00000000a0000000, 0x00000000a4d80000, 0x00000000e0000000)
  object space 79360K, 49% used [0x00000000a0000000,0x00000000a26b3600,0x00000000a4d80000)
 Metaspace       used 57114K, capacity 59076K, committed 59096K, reserved 1099776K
  class space    used 7831K, capacity 8304K, committed 8320K, reserved 1048576K
}
Event: 59.110 GC heap before
{Heap before GC invocations=15 (full 3):
 PSYoungGen      total 213504K, used 7975K [0x00000000e0000000, 0x00000000ee400000, 0x0000000100000000)
  eden space 194560K, 0% used [0x00000000e0000000,0x00000000e0000000,0x00000000ebe00000)
  from space 18944K, 42% used [0x00000000ecf80000,0x00000000ed749f98,0x00000000ee200000)
  to   space 17920K, 0% used [0x00000000ebe00000,0x00000000ebe00000,0x00000000ecf80000)
 ParOldGen       total 79360K, used 39629K [0x00000000a0000000, 0x00000000a4d80000, 0x00000000e0000000)
  object space 79360K, 49% used [0x00000000a0000000,0x00000000a26b3600,0x00000000a4d80000)
 Metaspace       used 57114K, capacity 59076K, committed 59096K, reserved 1099776K
  class space    used 7831K, capacity 8304K, committed 8320K, reserved 1048576K
Event: 59.373 GC heap after
Heap after GC invocations=15 (full 3):
 PSYoungGen      total 213504K, used 0K [0x00000000e0000000, 0x00000000ee400000, 0x0000000100000000)
  eden space 194560K, 0% used [0x00000000e0000000,0x00000000e0000000,0x00000000ebe00000)
  from space 18944K, 0% used [0x00000000ecf80000,0x00000000ecf80000,0x00000000ee200000)
  to   space 17920K, 0% used [0x00000000ebe00000,0x00000000ebe00000,0x00000000ecf80000)
 ParOldGen       total 121856K, used 36407K [0x00000000a0000000, 0x00000000a7700000, 0x00000000e0000000)
  object space 121856K, 29% used [0x00000000a0000000,0x00000000a238dd10,0x00000000a7700000)
 Metaspace       used 57114K, capacity 59076K, committed 59096K, reserved 1099776K
  class space    used 7831K, capacity 8304K, committed 8320K, reserved 1048576K
}
Event: 62.934 GC heap before
{Heap before GC invocations=16 (full 3):
 PSYoungGen      total 213504K, used 194560K [0x00000000e0000000, 0x00000000ee400000, 0x0000000100000000)
  eden space 194560K, 100% used [0x00000000e0000000,0x00000000ebe00000,0x00000000ebe00000)
  from space 18944K, 0% used [0x00000000ecf80000,0x00000000ecf80000,0x00000000ee200000)
  to   space 17920K, 0% used [0x00000000ebe00000,0x00000000ebe00000,0x00000000ecf80000)
 ParOldGen       total 121856K, used 36407K [0x00000000a0000000, 0x00000000a7700000, 0x00000000e0000000)
  object space 121856K, 29% used [0x00000000a0000000,0x00000000a238dd10,0x00000000a7700000)
 Metaspace       used 59595K, capacity 61746K, committed 61952K, reserved 1101824K
  class space    used 8153K, capacity 8623K, committed 8704K, reserved 1048576K

Deoptimization events (10 events):
Event: 61.602 Thread 0x0000000018997000 Uncommon trap: reason=bimorphic action=maybe_recompile pc=0x00000000039ad56c method=com.google.common.collect.NaturalOrdering.compare(Ljava/lang/Comparable;Ljava/lang/Comparable;)I @ 12
Event: 61.607 Thread 0x0000000018993800 Uncommon trap: reason=unstable_if action=reinterpret pc=0x00000000042d960c method=org.gradle.cache.internal.btree.BlockPointer.isNull()Z @ 6
Event: 61.614 Thread 0x0000000018997000 Uncommon trap: reason=null_assert action=make_not_entrant pc=0x00000000042f713c method=com.google.common.cache.LocalCache.processPendingNotifications()V @ 9
Event: 61.863 Thread 0x0000000018998000 Uncommon trap: reason=predicate action=maybe_recompile pc=0x00000000033b51c8 method=com.google.common.base.CharMatcher.indexIn(Ljava/lang/CharSequence;I)I @ 22
Event: 61.894 Thread 0x0000000018998000 Uncommon trap: reason=bimorphic action=maybe_recompile pc=0x0000000004288b18 method=com.google.common.base.Equivalence$Equals.doEquivalent(Ljava/lang/Object;Ljava/lang/Object;)Z @ 2
Event: 61.895 Thread 0x0000000018998000 Uncommon trap: reason=bimorphic action=maybe_recompile pc=0x0000000004288b18 method=com.google.common.base.Equivalence$Equals.doEquivalent(Ljava/lang/Object;Ljava/lang/Object;)Z @ 2
Event: 61.895 Thread 0x0000000018998000 Uncommon trap: reason=bimorphic action=maybe_recompile pc=0x0000000004288b18 method=com.google.common.base.Equivalence$Equals.doEquivalent(Ljava/lang/Object;Ljava/lang/Object;)Z @ 2
Event: 61.895 Thread 0x0000000018998000 Uncommon trap: reason=bimorphic action=maybe_recompile pc=0x0000000004288b18 method=com.google.common.base.Equivalence$Equals.doEquivalent(Ljava/lang/Object;Ljava/lang/Object;)Z @ 2
Event: 62.028 Thread 0x0000000018997000 Uncommon trap: reason=unstable_if action=reinterpret pc=0x0000000004107cec method=org.gradle.internal.component.model.DefaultIvyArtifactName.hashCode()I @ 38
Event: 62.399 Thread 0x0000000018998000 Uncommon trap: reason=unstable_if action=reinterpret pc=0x00000000035e3164 method=com.google.common.cache.LocalCache$Segment.evictEntries(Lcom/google/common/cache/ReferenceEntry;)V @ 69

Classes redefined (0 events):
No events

Internal exceptions (10 events):
Event: 58.981 Thread 0x000000001a15e800 Exception <a 'java/lang/ClassNotFoundException': com/android/build/gradle/tasks/MergeResourcesBeanInfo> (0x00000000e3cf0918) thrown at [D:\src\AOSP-openjdk-cygwin\jdk8u\hotspot\src\share\vm\classfile\systemDictionary.cpp, line 210]
Event: 58.982 Thread 0x000000001a15e800 Exception <a 'java/lang/ClassNotFoundException': com/android/build/gradle/tasks/ResourceAwareTaskBeanInfo> (0x00000000e3d0b668) thrown at [D:\src\AOSP-openjdk-cygwin\jdk8u\hotspot\src\share\vm\classfile\systemDictionary.cpp, line 210]
Event: 58.982 Thread 0x000000001a15e800 Exception <a 'java/lang/ClassNotFoundException': com/android/build/gradle/internal/tasks/IncrementalTaskBeanInfo> (0x00000000e3d283f0) thrown at [D:\src\AOSP-openjdk-cygwin\jdk8u\hotspot\src\share\vm\classfile\systemDictionary.cpp, line 210]
Event: 58.983 Thread 0x000000001a15e800 Exception <a 'java/lang/ClassNotFoundException': com/android/build/gradle/internal/tasks/AndroidVariantTaskBeanInfo> (0x00000000e3d4a430) thrown at [D:\src\AOSP-openjdk-cygwin\jdk8u\hotspot\src\share\vm\classfile\systemDictionary.cpp, line 210]
Event: 58.984 Thread 0x000000001a15e800 Exception <a 'java/lang/ClassNotFoundException': com/android/build/gradle/internal/tasks/AndroidVariantTaskCustomizer> (0x00000000e3d68f90) thrown at [D:\src\AOSP-openjdk-cygwin\jdk8u\hotspot\src\share\vm\classfile\systemDictionary.cpp, line 210]
Event: 58.984 Thread 0x000000001a15e800 Exception <a 'java/lang/ClassNotFoundException': com/android/build/gradle/internal/tasks/IncrementalTaskCustomizer> (0x00000000e3d9c8a0) thrown at [D:\src\AOSP-openjdk-cygwin\jdk8u\hotspot\src\share\vm\classfile\systemDictionary.cpp, line 210]
Event: 58.985 Thread 0x000000001a15e800 Exception <a 'java/lang/ClassNotFoundException': com/android/build/gradle/tasks/ResourceAwareTaskCustomizer> (0x00000000e3dcafe8) thrown at [D:\src\AOSP-openjdk-cygwin\jdk8u\hotspot\src\share\vm\classfile\systemDictionary.cpp, line 210]
Event: 58.986 Thread 0x000000001a15e800 Exception <a 'java/lang/ClassNotFoundException': com/android/build/gradle/tasks/MergeResourcesCustomizer> (0x00000000e3e05558) thrown at [D:\src\AOSP-openjdk-cygwin\jdk8u\hotspot\src\share\vm\classfile\systemDictionary.cpp, line 210]
Event: 58.988 Thread 0x000000001a15e800 Exception <a 'java/lang/ClassNotFoundException': com/android/build/gradle/tasks/MergeResources_DecoratedCustomizer> (0x00000000e3e50590) thrown at [D:\src\AOSP-openjdk-cygwin\jdk8u\hotspot\src\share\vm\classfile\systemDictionary.cpp, line 210]
Event: 61.527 Thread 0x0000000018996800 Implicit null exception at 0x000000000346ede4 to 0x000000000346f3f1

Events (10 events):
Event: 62.615 loading class java/util/stream/SortedOps$OfRef done
Event: 62.615 loading class java/util/Comparators$NaturalOrderComparator
Event: 62.615 loading class java/util/Comparators$NaturalOrderComparator done
Event: 62.615 loading class java/util/stream/SortedOps$SizedRefSortingSink
Event: 62.615 loading class java/util/stream/SortedOps$AbstractRefSortingSink
Event: 62.615 loading class java/util/stream/SortedOps$AbstractRefSortingSink done
Event: 62.615 loading class java/util/stream/SortedOps$SizedRefSortingSink done
Event: 62.616 loading class org/gradle/internal/fingerprint/impl/RelativePathFingerprintingStrategy$1
Event: 62.616 loading class org/gradle/internal/fingerprint/impl/RelativePathFingerprintingStrategy$1 done
Event: 62.934 Executing VM operation: ParallelGCFailedAllocation


Dynamic libraries:
0x00007ff7dbdf0000 - 0x00007ff7dbe21000 	C:\Program Files\Android\Android Studio\jre\bin\java.exe
0x00007ffe79860000 - 0x00007ffe79a41000 	C:\Windows\SYSTEM32\ntdll.dll
0x00007ffe6d210000 - 0x00007ffe6d223000 	C:\Program Files\AVG\Antivirus\aswhook.dll
0x00007ffe77300000 - 0x00007ffe773b1000 	C:\Windows\System32\KERNEL32.DLL
0x00007ffe75d50000 - 0x00007ffe75fc3000 	C:\Windows\System32\KERNELBASE.dll
0x00007ffe77020000 - 0x00007ffe770c1000 	C:\Windows\System32\ADVAPI32.dll
0x00007ffe79670000 - 0x00007ffe7970e000 	C:\Windows\System32\msvcrt.dll
0x00007ffe76ea0000 - 0x00007ffe76efb000 	C:\Windows\System32\sechost.dll
0x00007ffe76d00000 - 0x00007ffe76e24000 	C:\Windows\System32\RPCRT4.dll
0x00007ffe770d0000 - 0x00007ffe77260000 	C:\Windows\System32\USER32.dll
0x00007ffe761d0000 - 0x00007ffe761f0000 	C:\Windows\System32\win32u.dll
0x00007ffe79800000 - 0x00007ffe79828000 	C:\Windows\System32\GDI32.dll
0x00007ffe76b50000 - 0x00007ffe76ce3000 	C:\Windows\System32\gdi32full.dll
0x00007ffe76030000 - 0x00007ffe760cf000 	C:\Windows\System32\msvcp_win.dll
0x00007ffe760d0000 - 0x00007ffe761c8000 	C:\Windows\System32\ucrtbase.dll
0x00007ffe60220000 - 0x00007ffe60489000 	C:\Windows\WinSxS\amd64_microsoft.windows.common-controls_6595b64144ccf1df_6.0.17134.1610_none_d3fd41197c928db6\COMCTL32.dll
0x00007ffe773c0000 - 0x00007ffe776e0000 	C:\Windows\System32\combase.dll
0x00007ffe75c20000 - 0x00007ffe75c99000 	C:\Windows\System32\bcryptPrimitives.dll
0x00007ffe76f00000 - 0x00007ffe76f2d000 	C:\Windows\System32\IMM32.DLL
0x00000000536b0000 - 0x0000000053782000 	C:\Program Files\Android\Android Studio\jre\jre\bin\msvcr100.dll
0x0000000053c60000 - 0x00000000544a6000 	C:\Program Files\Android\Android Studio\jre\jre\bin\server\jvm.dll
0x00007ffe76e30000 - 0x00007ffe76e38000 	C:\Windows\System32\PSAPI.DLL
0x00007ffe6e1a0000 - 0x00007ffe6e1a9000 	C:\Windows\SYSTEM32\WSOCK32.dll
0x00007ffe776e0000 - 0x00007ffe7774c000 	C:\Windows\System32\WS2_32.dll
0x00007ffe6d570000 - 0x00007ffe6d593000 	C:\Windows\SYSTEM32\WINMM.dll
0x00007ffe719b0000 - 0x00007ffe719ba000 	C:\Windows\SYSTEM32\VERSION.dll
0x00007ffe6d540000 - 0x00007ffe6d56a000 	C:\Windows\SYSTEM32\WINMMBASE.dll
0x00007ffe761f0000 - 0x00007ffe76239000 	C:\Windows\System32\cfgmgr32.dll
0x00007ffe703c0000 - 0x00007ffe703cf000 	C:\Program Files\Android\Android Studio\jre\jre\bin\verify.dll
0x00007ffe6bce0000 - 0x00007ffe6bd09000 	C:\Program Files\Android\Android Studio\jre\jre\bin\java.dll
0x00007ffe6bf20000 - 0x00007ffe6bf36000 	C:\Program Files\Android\Android Studio\jre\jre\bin\zip.dll
0x00007ffe78170000 - 0x00007ffe795b5000 	C:\Windows\System32\SHELL32.dll
0x00007ffe795c0000 - 0x00007ffe79669000 	C:\Windows\System32\shcore.dll
0x00007ffe76430000 - 0x00007ffe76b45000 	C:\Windows\System32\windows.storage.dll
0x00007ffe76e40000 - 0x00007ffe76e91000 	C:\Windows\System32\shlwapi.dll
0x00007ffe75c00000 - 0x00007ffe75c11000 	C:\Windows\System32\kernel.appcore.dll
0x00007ffe75b90000 - 0x00007ffe75baf000 	C:\Windows\System32\profapi.dll
0x00007ffe75bb0000 - 0x00007ffe75bfc000 	C:\Windows\System32\powrprof.dll
0x00007ffe75b60000 - 0x00007ffe75b6a000 	C:\Windows\System32\FLTLIB.DLL
0x00007ffe6ba90000 - 0x00007ffe6baaa000 	C:\Program Files\Android\Android Studio\jre\jre\bin\net.dll
0x00007ffe6b490000 - 0x00007ffe6b65c000 	C:\Windows\SYSTEM32\urlmon.dll
0x00007ffe6f340000 - 0x00007ffe6f5e7000 	C:\Windows\SYSTEM32\iertutil.dll
0x00007ffe755b0000 - 0x00007ffe755bb000 	C:\Windows\SYSTEM32\CRYPTBASE.DLL
0x00007ffe753e0000 - 0x00007ffe75446000 	C:\Windows\system32\mswsock.dll
0x00007ffe696d0000 - 0x00007ffe696e3000 	C:\Program Files\Android\Android Studio\jre\jre\bin\nio.dll
0x00007ffe6beb0000 - 0x00007ffe6bed6000 	C:\Users\Tahir\.gradle\native\30\windows-amd64\native-platform.dll
0x00007ffe6d400000 - 0x00007ffe6d40d000 	C:\Program Files\Android\Android Studio\jre\jre\bin\management.dll
0x00007ffe75590000 - 0x00007ffe755a7000 	C:\Windows\SYSTEM32\CRYPTSP.dll
0x00007ffe74f90000 - 0x00007ffe74fc3000 	C:\Windows\system32\rsaenh.dll
0x00007ffe756c0000 - 0x00007ffe756e5000 	C:\Windows\SYSTEM32\bcrypt.dll
0x00007ffe75a60000 - 0x00007ffe75a88000 	C:\Windows\SYSTEM32\USERENV.dll
0x00007ffe75130000 - 0x00007ffe75168000 	C:\Windows\SYSTEM32\IPHLPAPI.DLL
0x00007ffe78160000 - 0x00007ffe78168000 	C:\Windows\System32\NSI.dll
0x00007ffe6f1a0000 - 0x00007ffe6f1b6000 	C:\Windows\SYSTEM32\dhcpcsvc6.DLL
0x00007ffe6f7f0000 - 0x00007ffe6f80a000 	C:\Windows\SYSTEM32\dhcpcsvc.DLL
0x00007ffe6f620000 - 0x00007ffe6f7e9000 	C:\Windows\SYSTEM32\dbghelp.dll

VM Arguments:
jvm_args: -Xmx1536m -Dfile.encoding=windows-1252 -Duser.country=IN -Duser.language=en -Duser.variant 
java_command: org.gradle.launcher.daemon.bootstrap.GradleDaemon 5.6.4
java_class_path (initial): C:\Users\Tahir\.gradle\wrapper\dists\gradle-5.6.4-all\ankdp27end7byghfw1q2sw75f\gradle-5.6.4\lib\gradle-launcher-5.6.4.jar
Launcher Type: SUN_STANDARD

Environment Variables:
PATH=C:\Windows\system32;C:\Windows;C:\Windows\System32\Wbem;C:\Windows\System32\WindowsPowerShell\v1.0\;C:\Windows\System32\OpenSSH\;C:\Program Files\Java\jdk1.8.0_241\bin;C:\Program Files\Git\cmd;C:\Users\Tahir\AppData\Local\Android\Sdk\platform-tools;C:\Users\Tahir\AppData\Local\Microsoft\WindowsApps;C:\flutter\flutter\bin;C:\Users\Tahir\AppData\Local\Android\Sdk\platform-tools;
USERNAME=Tahir
OS=Windows_NT
PROCESSOR_IDENTIFIER=Intel64 Family 6 Model 142 Stepping 9, GenuineIntel



---------------  S Y S T E M  ---------------

OS: Windows 10.0 , 64 bit Build 17134 (10.0.17134.1425)

CPU:total 4 (initial active 4) (2 cores per cpu, 2 threads per core) family 6 model 142 stepping 9, cmov, cx8, fxsr, mmx, sse, sse2, sse3, ssse3, sse4.1, sse4.2, popcnt, avx, avx2, aes, clmul, erms, 3dnowpref, lzcnt, ht, tsc, tscinvbit, bmi1, bmi2, adx

Memory: 4k page, physical 8260236k(3926504k free), swap 10357388k(5830120k free)

vm_info: OpenJDK 64-Bit Server VM (25.212-b04) for windows-amd64 JRE (1.8.0_212-release-1586-b04), built by "builder" with MS VC++ 10.0 (VS2010)

time: Mon Jul 20 23:20:09 2020
timezone: India Standard Time
elapsed time: 63 seconds (0d 0h 1m 3s)

